app/build/intermediates/manifest_merge_blame_file/debug/manifest-merger-blame-debug-report.txt
1<?xml version="1.0" encoding="utf-8"?>
2<manifest xmlns:android="http://schemas.android.com/apk/res/android"
3    package="com.example.goods"
4    android:versionCode="1"
5    android:versionName="1.0" >
6
7    <uses-sdk
8        android:minSdkVersion="16"
8-->src\main\AndroidManifest.xml
9        android:targetSdkVersion="30" />
9-->src\main\AndroidManifest.xml
10
11    <uses-permission android:name="android.permission.INTERNET" />
11-->src\main\AndroidManifest.xml:4:1-62
11-->src\main\AndroidManifest.xml:4:18-60
12    <uses-permission android:name="android.permission.ACCESS_NETWORK_STATE" />
12-->[cn.jzvd:jiaozivideoplayer:6.2.4] AndroidManifest.xml:11:5-79
12-->[cn.jzvd:jiaozivideoplayer:6.2.4] AndroidManifest.xml:11:22-76
13
14    <application
14-->src\main\AndroidManifest.xml:5:5-25:19
15        android:name="com.example.goods.basemvp.app.BaseApp"
15-->src\main\AndroidManifest.xml:7:9-44
16        android:allowBackup="true"
16-->src\main\AndroidManifest.xml:8:9-35
17        android:appComponentFactory="androidx.core.app.CoreComponentFactory"
17-->[androidx.core:core:1.3.1] AndroidManifest.xml:24:18-86
18        android:debuggable="true"
19        android:icon="@mipmap/ic_launcher"
19-->src\main\AndroidManifest.xml:9:9-43
20        android:label="@string/app_name"
20-->src\main\AndroidManifest.xml:10:9-41
21        android:roundIcon="@mipmap/ic_launcher_round"
21-->src\main\AndroidManifest.xml:11:9-54
22        android:supportsRtl="true"
22-->src\main\AndroidManifest.xml:12:9-35
23        android:testOnly="true"
24        android:theme="@style/AppTheme"
24-->src\main\AndroidManifest.xml:13:9-40
25        android:usesCleartextTraffic="true" >
25-->src\main\AndroidManifest.xml:6:9-44
26        <activity android:name="com.example.goods.test.designmode.MallTestActivity" />
26-->src\main\AndroidManifest.xml:14:9-79
26-->src\main\AndroidManifest.xml:14:19-67
27        <activity android:name="com.example.goods.test.broadcast.TestBroadCast" />
27-->src\main\AndroidManifest.xml:15:9-66
27-->src\main\AndroidManifest.xml:15:19-63
28        <activity android:name="com.example.goods.basemvp.ui.TestActivity" />
28-->src\main\AndroidManifest.xml:16:9-61
28-->src\main\AndroidManifest.xml:16:19-58
29        <activity android:name="com.example.goods.basemvp.base.BaseCheckPermissionActivity" />
29-->src\main\AndroidManifest.xml:17:9-78
29-->src\main\AndroidManifest.xml:17:19-75
30        <activity android:name="com.example.goods.MainActivity" >
30-->src\main\AndroidManifest.xml:18:9-24:20
30-->src\main\AndroidManifest.xml:18:19-47
31            <intent-filter>
31-->src\main\AndroidManifest.xml:19:13-23:29
32                <action android:name="android.intent.action.MAIN" />
32-->src\main\AndroidManifest.xml:20:17-69
32-->src\main\AndroidManifest.xml:20:25-66
33
34                <category android:name="android.intent.category.LAUNCHER" />
34-->src\main\AndroidManifest.xml:22:17-77
34-->src\main\AndroidManifest.xml:22:27-74
35            </intent-filter>
36        </activity>
37    </application>
38
39</manifest>